 401
  0.785293197244949E-02 -0.112260979189069E-03 -0.249992289411197E+00
  0.000000000000000E+00  0.000000000000000E+00  0.250000000000000E+00
  0.785293197244941E-02  0.112260979189067E-03  0.249992289411197E+00
  0.156995666989110E-01  0.448974671459235E-03  0.249969158120415E+00
  0.235336105487783E-01  0.100993337978736E-02  0.249930607554500E+00
  0.313487771201930E-01  0.179479107200645E-02  0.249876640091433E+00
  0.391387908493845E-01  0.280306357503747E-02  0.249807259060181E+00
  0.468973906139700E-01  0.403412884666264E-02  0.249722468740493E+00
  0.546183333282086E-01  0.548722732468932E-02  0.249622274362634E+00
  0.622953975282056E-01  0.716146235331021E-02  0.249506682107068E+00
  0.699223869450695E-01  0.905580068642313E-02  0.249375699104068E+00
  0.774931340640302E-01  0.111690730676304E-01  0.249229333433282E+00
  0.850015036675366E-01  0.134999748865955E-01  0.249067594123235E+00
  0.924413963603575E-01  0.160470669113923E-01  0.248890491150770E+00
  0.998067520747228E-01  0.188087760964400E-01  0.248698035440432E+00
  0.107091553553552E+00  0.217833964655736E-01  0.248490238863795E+00
  0.114289829809828E+00  0.249690900697612E-01  0.248267114238732E+00
  0.121395659560187E+00  0.283638880189330E-01  0.248028675328619E+00
  0.128403174630818E+00  0.319656915873516E-01  0.247774936841494E+00
  0.135306563333763E+00  0.357722733919061E-01  0.247505914429139E+00
  0.142100073811745E+00  0.397812786426778E-01  0.247221624686126E+00
  0.148778017349658E+00  0.439902264650803E-01  0.246922085148784E+00
  0.155334771650866E+00  0.483965112928404E-01  0.246607314294124E+00
  0.161764784076499E+00  0.529974043310451E-01  0.246277331538693E+00
  0.168062574845927E+00  0.577900550884412E-01  0.245932157237384E+00
  0.174222740196636E+00  0.627714929781365E-01  0.245571812682172E+00
  0.180239955501737E+00  0.679386289858118E-01  0.245196320100808E+00
  0.186108978343383E+00  0.732882574045178E-01  0.244805702655441E+00
  0.191824651540366E+00  0.788170576350913E-01  0.244399984441198E+00
  0.197381906128217E+00  0.845215960511910E-01  0.243979190484687E+00
  0.202775764290137E+00  0.903983279279148E-01  0.243543346742462E+00
  0.208001342237139E+00  0.964435994329288E-01  0.243092480099419E+00
  0.213053853035780E+00  0.102653649678999E+00  0.242626618367136E+00
  0.217928609381917E+00  0.109024612836785E+00  0.242145790282158E+00
  0.222621026318930E+00  0.115552520306724E+00  0.241650025504227E+00
  0.227126623898908E+00  0.122233302948795E+00  0.241139354614450E+00
  0.231441029785306E+00  0.129062793368921E+00  0.240613809113412E+00
  0.235559981795615E+00  0.136036728260748E+00  0.240073421419236E+00
  0.239479330382645E+00  0.143150750801486E+00  0.239518224865580E+00
  0.243195041053013E+00  0.150400413100494E+00  0.238948253699583E+00
  0.246703196721507E+00  0.157781178699236E+00  0.238363543079750E+00
  0.250000000000000E+00  0.165288425121220E+00  0.237764129073788E+00
  0.253081775419637E+00  0.172917446470514E+00  0.237150048656376E+00
  0.255944971585060E+00  0.180663456077383E+00  0.236521339706886E+00
  0.258586163259466E+00  0.188521589189571E+00  0.235878041007048E+00
  0.261002053379326E+00  0.196486905707754E+00  0.235220192238556E+00
  0.263189474997652E+00  0.204554392963616E+00  0.234547833980621E+00
  0.265145393154718E+00  0.212718968539029E+00  0.233861007707467E+00
  0.266866906675192E+00  0.220975483124748E+00  0.233159755785774E+00
  0.268351249890671E+00  0.229318723417046E+00  0.232444121472063E+00
  0.269595794286665E+00  0.237743415050676E+00  0.231714148910030E+00
  0.270598050073099E+00  0.246244225566520E+00  0.230969883127822E+00
  0.271355667677453E+00  0.254815767412290E+00  0.230211370035257E+00
  0.271866439159722E+00  0.263452600974604E+00  0.229438656420995E+00
  0.272128299548380E+00  0.272149237640747E+00  0.228651789949653E+00
  0.272139328096611E+00  0.280900142888429E+00  0.227850819158861E+00
  0.271897749458110E+00  0.289699739401803E+00  0.227035793456270E+00
  0.271401934781779E+00  0.298542410212030E+00  0.226206763116505E+00
  0.270650402724718E+00  0.307422501860630E+00  0.225363779278061E+00
  0.269641820382925E+00  0.316334327583867E+00  0.224506893940154E+00
  0.268375004139207E+00  0.325272170516399E+00  0.223636159959506E+00
  0.266848920427796E+00  0.334230286912402E+00  0.222751631047092E+00
  0.265062686415256E+00  0.343202909382393E+00  0.221853361764821E+00
  0.263015570597303E+00  0.352184250143930E+00  0.220941407522173E+00
  0.260706993311173E+00  0.361168504284410E+00  0.220015824572783E+00
  0.258136527163278E+00  0.370149853034120E+00  0.219076670010966E+00
  0.255303897371884E+00  0.379122467047746E+00  0.218124001768199E+00
  0.252208982024626E+00  0.388080509692499E+00  0.217157878609548E+00
  0.248851812250709E+00  0.397018140341034E+00  0.216178360130039E+00
  0.245232572307680E+00  0.405929517667343E+00  0.215185506750986E+00
  0.241351599582745E+00  0.414808802943760E+00  0.214179379716262E+00
  0.237209384508590E+00  0.423650163337281E+00  0.213160041088523E+00
  0.232806570393768E+00  0.432447775203332E+00  0.212127553745376E+00
  0.228143953167741E+00  0.441195827375175E+00  0.211081981375504E+00
  0.223222481040693E+00  0.449888524447118E+00  0.210023388474735E+00
  0.218043254078321E+00  0.458520090049694E+00  0.208951840342068E+00
  0.212607523691814E+00  0.467084770114996E+00  0.207867403075636E+00
  0.206916692043308E+00  0.475576836130352E+00  0.206770143568640E+00
  0.200972311367139E+00  0.483990588378524E+00  0.205660129505215E+00
  0.194776083207260E+00  0.492320359162630E+00  0.204537429356256E+00
  0.188329857571244E+00  0.500560516014006E+00  0.203402112375197E+00
  0.181635632001340E+00  0.508705464881202E+00  0.202254248593737E+00
  0.174695550563078E+00  0.516749653298358E+00  0.201093908817521E+00
  0.167511902751992E+00  0.524687573531188E+00  0.199921164621773E+00
  0.160087122319060E+00  0.532513765698821E+00  0.198736088346878E+00
  0.152423786015502E+00  0.540222820869764E+00  0.197538753093923E+00
  0.144524612257624E+00  0.547809384130269E+00  0.196329232720186E+00
  0.136392459712455E+00  0.555268157623381E+00  0.195107601834582E+00
  0.128030325804953E+00  0.562593903557002E+00  0.193873935793059E+00
  0.119441345147587E+00  0.569781447179264E+00  0.192628310693947E+00
  0.110628787893188E+00  0.576825679719590E+00  0.191370803373272E+00
  0.101596058011954E+00  0.583721561293771E+00  0.190101491400008E+00
  0.923466914935741E-01  0.590464123771478E+00  0.188820453071296E+00
  0.828843544754551E-01  0.597048473604578E+00  0.187527767407615E+00
  0.732128412980937E-01  0.603469794614711E+00  0.186223514147906E+00
  0.633360724886586E-01  0.609723350738545E+00  0.184907773744652E+00
  0.532580926739016E-01  0.615804488729211E+00  0.183580627358921E+00
  0.429830684235504E-01  0.621708640812396E+00  0.182242156855353E+00
  0.325152860253732E-01  0.627431327295611E+00  0.180892444797112E+00
  0.218591491931478E-01  0.632968159129198E+00  0.179531574440797E+00
  0.110191767087968E-01  0.638314840417637E+00  0.178159629731301E+00
  0.432978028117747E-16  0.643467170879758E+00  0.176776695296637E+00
 -0.111936393453840E-01  0.648421048256484E+00  0.175382856442714E+00
 -0.225568921267077E-01  0.653172470664770E+00  0.173978199148079E+00
 -0.340848041383276E-01  0.657717538896427E+00  0.172562810058609E+00
 -0.457723188363609E-01  0.662052458660538E+00  0.171136776482172E+00
 -0.576142800629257E-01  0.666173542768227E+00  0.169700186383235E+00
 -0.696054348263629E-01  0.670077213258573E+00  0.168253128377443E+00
 -0.817404361358957E-01  0.673760003464451E+00  0.166795691726150E+00
 -0.940138458891644E-01  0.677218560017187E+00  0.165327966330913E+00
 -0.106420137811032E+00  0.680449644788885E+00  0.163850042727949E+00
 -0.118953700442041E+00  0.683450136771346E+00  0.162362012082546E+00
 -0.131608840174858E+00  0.686217033890540E+00  0.160863966183445E+00
 -0.144379784337037E+00  0.688747454755612E+00  0.159355997437172E+00
 -0.157260684318386E+00  0.691038640341441E+00  0.157838198862344E+00
 -0.170245618741207E+00  0.693087955603826E+00  0.156310664083926E+00
 -0.183328596671659E+00  0.694892891026386E+00  0.154773487327458E+00
 -0.196503560870455E+00  0.696451064098316E+00  0.153226763413244E+00
 -0.209764391081113E+00  0.697760220722165E+00  0.151670587750500E+00
 -0.223104907353917E+00  0.698818236550867E+00  0.150105056331471E+00
 -0.236518873403757E+00  0.699623118253256E+00  0.148530265725510E+00
 -0.250000000000000E+00  0.700173004707370E+00  0.146946313073118E+00
 -0.263541948386494E+00  0.700466168120878E+00  0.145353296079958E+00
 -0.277138333729825E+00  0.700501015077990E+00  0.143751313010820E+00
 -0.290782728593911E+00  0.700276087512277E+00  0.142140462683566E+00
 -0.304468666439009E+00  0.699790063604849E+00  0.140520844463033E+00
 -0.318189645143208E+00  0.699041758607389E+00  0.138892558254901E+00
 -0.331939130544430E+00  0.698030125589572E+00  0.137255704499533E+00
 -0.345710560001009E+00  0.696754256110469E+00  0.135610384165780E+00
 -0.359497345968855E+00  0.695213380813531E+00  0.133956698744749E+00
 -0.373292879593227E+00  0.693406869944842E+00  0.132294750243548E+00
 -0.387090534313124E+00  0.691334233794330E+00  0.130624641178987E+00
 -0.400883669476302E+00  0.688995123059691E+00  0.128946474571262E+00
 -0.414665633962908E+00  0.686389329132827E+00  0.127260353937593E+00
 -0.428429769815722E+00  0.683516784308614E+00  0.125566383285843E+00
 -0.442169415875006E+00  0.680377561915901E+00  0.123864667108102E+00
 -0.455877911415933E+00  0.676971876370643E+00  0.122155310374239E+00
 -0.469548599786589E+00  0.673300083151144E+00  0.120438418525429E+00
 -0.483174832044528E+00  0.669362678695409E+00  0.118714097467649E+00
 -0.496749970589869E+00  0.665160300220668E+00  0.116982453565143E+00
 -0.510267392792918E+00  0.660693725465154E+00  0.115243593633866E+00
 -0.523720494614299E+00  0.655963872352281E+00  0.113497624934887E+00
 -0.537102694215609E+00  0.650971798577399E+00  0.111744655167780E+00
 -0.550407435558564E+00  0.645718701117345E+00  0.109984792463979E+00
 -0.563628191990675E+00  0.640205915663070E+00  0.108218145380103E+00
 -0.576758469815437E+00  0.634434915975635E+00  0.106444822891268E+00
 -0.589791811845078E+00  0.628407313165939E+00  0.104664934384357E+00
 -0.602721800933874E+00  0.622124854898565E+00  0.102878589651277E+00
 -0.615542063490100E+00  0.615589424520184E+00  0.101085898882186E+00
 -0.628246272964636E+00  0.608803040112998E+00  0.992869726586951E-01
 -0.640828153314334E+00  0.601767853473734E+00  0.974819219470471E-01
 -0.653281482438188E+00  0.594486149018751E+00  0.956708580912725E-01
 -0.665600095584433E+00  0.586960342615873E+00  0.938538928063208E-01
 -0.677777888726662E+00  0.579192980343567E+00  0.920311381711695E-01
 -0.689808821907108E+00  0.571186737178178E+00  0.902027066219104E-01
 -0.701686922545220E+00  0.562944415609918E+00  0.883687109448143E-01
 -0.713406288709720E+00  0.554468944188382E+00  0.865292642693733E-01
 -0.724961092352298E+00  0.545763375998402E+00  0.846844800613229E-01
 -0.736345582501192E+00  0.536830887067054E+00  0.828344721156428E-01
 -0.747554088412839E+00  0.527674774702721E+00  0.809793545495373E-01
 -0.758581022679884E+00  0.518298455767113E+00  0.791192417953965E-01
 -0.769420884293813E+00  0.508705464881202E+00  0.772542485937369E-01
 -0.780068261660500E+00  0.498899452566063E+00  0.753844899861239E-01
 -0.790517835567017E+00  0.488884183319639E+00  0.735100813080760E-01
 -0.800764382098049E+00  0.478663533630504E+00  0.716311381819496E-01
 -0.810802775500297E+00  0.468241489929709E+00  0.697477765098074E-01
 -0.820627990993294E+00  0.457622146481846E+00  0.678601124662686E-01
 -0.830235107525056E+00  0.446809703216495E+00  0.659682624913432E-01
 -0.839619310471056E+00  0.435808463501253E+00  0.640723432832491E-01
 -0.848775894275021E+00  0.424622831857562E+00  0.621724717912137E-01
 -0.857700265030082E+00  0.413257311620625E+00  0.602687652082597E-01
 -0.866387942998854E+00  0.401716502544671E+00  0.583613409639764E-01
 -0.874834565071042E+00  0.390005098354909E+00  0.564503167172759E-01
 -0.883035887157219E+00  0.378127884247531E+00  0.545358103491357E-01
 -0.890987786517437E+00  0.366089734339122E+00  0.526179399553265E-01
 -0.898686264023394E+00  0.353895609066905E+00  0.506968238391282E-01
 -0.906127446352888E+00  0.341550552541258E+00  0.487725805040321E-01
 -0.913307588115352E+00  0.329059689851948E+00  0.468453286464312E-01
 -0.920223073907293E+00  0.316428224329599E+00  0.449151871482981E-01
 -0.926870420296483E+00  0.303661434763877E+00  0.429822750698524E-01
 -0.933246277733814E+00  0.290764672579953E+00  0.410467116422157E-01
 -0.939347432391753E+00  0.277743358974799E+00  0.391086162600577E-01
 -0.945170807928375E+00  0.264602982014889E+00  0.371681084742308E-01
 -0.950713467176001E+00  0.251349093696925E+00  0.352253079843957E-01
 -0.955972613753500E+00  0.237987306973207E+00  0.332803346316381E-01
 -0.960945593601364E+00  0.224523292743287E+00  0.313333083910761E-01
 -0.965629896438705E+00  0.210962776813576E+00  0.293843493644594E-01
 -0.970023157141362E+00  0.197311536826584E+00  0.274335777727613E-01
 -0.974123157040364E+00  0.183575399161493E+00  0.254811139487625E-01
 -0.977927825140012E+00  0.169760235807773E+00  0.235270783296286E-01
 -0.981435239254924E+00  0.155871961213569E+00  0.215715914494808E-01
 -0.984643627065402E+00  0.141916529110607E+00  0.196147739319612E-01
 -0.987551367090530E+00  0.127899929317375E+00  0.176567464827917E-01
 -0.990156989578480E+00  0.113828184522343E+00  0.156976298823284E-01
 -0.992459177313517E+00  0.997073470489958E-01  0.137375449781115E-01
 -0.994456766339264E+00  0.855434956044876E-01  0.117766126774107E-01
 -0.996148746597825E+00  0.713427320136925E-01  0.981495393976717E-02
 -0.997534262484406E+00  0.571111779404726E-01  0.785268976953210E-02
 -0.998612613317135E+00  0.428549715979737E-01  0.588994120840258E-02
 -0.999383253721815E+00  0.285802644497658E-01  0.392682932795516E-02
 -0.999845793931395E+00  0.142932179036563E-01  0.196347522217784E-02
 -0.100000000000000E+01  0.111442858722409E-15  0.153080849893419E-16
 -0.999845793931395E+00 -0.142932179036561E-01 -0.196347522217781E-02
 -0.999383253721815E+00 -0.285802644497655E-01 -0.392682932795513E-02
 -0.998612613317135E+00 -0.428549715979735E-01 -0.588994120840255E-02
 -0.997534262484406E+00 -0.571111779404724E-01 -0.785268976953207E-02
 -0.996148746597825E+00 -0.713427320136922E-01 -0.981495393976714E-02
 -0.994456766339264E+00 -0.855434956044873E-01 -0.117766126774106E-01
 -0.992459177313517E+00 -0.997073470489952E-01 -0.137375449781114E-01
 -0.990156989578480E+00 -0.113828184522342E+00 -0.156976298823284E-01
 -0.987551367090530E+00 -0.127899929317375E+00 -0.176567464827917E-01
 -0.984643627065402E+00 -0.141916529110606E+00 -0.196147739319612E-01
 -0.981435239254924E+00 -0.155871961213568E+00 -0.215715914494808E-01
 -0.977927825140011E+00 -0.169760235807773E+00 -0.235270783296286E-01
 -0.974123157040364E+00 -0.183575399161493E+00 -0.254811139487625E-01
 -0.970023157141363E+00 -0.197311536826584E+00 -0.274335777727613E-01
 -0.965629896438705E+00 -0.210962776813575E+00 -0.293843493644594E-01
 -0.960945593601365E+00 -0.224523292743287E+00 -0.313333083910760E-01
 -0.955972613753501E+00 -0.237987306973207E+00 -0.332803346316380E-01
 -0.950713467176002E+00 -0.251349093696924E+00 -0.352253079843956E-01
 -0.945170807928375E+00 -0.264602982014888E+00 -0.371681084742307E-01
 -0.939347432391753E+00 -0.277743358974799E+00 -0.391086162600577E-01
 -0.933246277733814E+00 -0.290764672579953E+00 -0.410467116422158E-01
 -0.926870420296482E+00 -0.303661434763877E+00 -0.429822750698524E-01
 -0.920223073907293E+00 -0.316428224329599E+00 -0.449151871482981E-01
 -0.913307588115352E+00 -0.329059689851948E+00 -0.468453286464312E-01
 -0.906127446352888E+00 -0.341550552541257E+00 -0.487725805040320E-01
 -0.898686264023395E+00 -0.353895609066905E+00 -0.506968238391281E-01
 -0.890987786517438E+00 -0.366089734339121E+00 -0.526179399553264E-01
 -0.883035887157219E+00 -0.378127884247531E+00 -0.545358103491356E-01
 -0.874834565071042E+00 -0.390005098354909E+00 -0.564503167172759E-01
 -0.866387942998854E+00 -0.401716502544671E+00 -0.583613409639764E-01
 -0.857700265030082E+00 -0.413257311620626E+00 -0.602687652082597E-01
 -0.848775894275021E+00 -0.424622831857562E+00 -0.621724717912137E-01
 -0.839619310471056E+00 -0.435808463501253E+00 -0.640723432832492E-01
 -0.830235107525056E+00 -0.446809703216496E+00 -0.659682624913432E-01
 -0.820627990993295E+00 -0.457622146481846E+00 -0.678601124662686E-01
 -0.810802775500298E+00 -0.468241489929708E+00 -0.697477765098073E-01
 -0.800764382098049E+00 -0.478663533630503E+00 -0.716311381819495E-01
 -0.790517835567018E+00 -0.488884183319638E+00 -0.735100813080759E-01
 -0.780068261660501E+00 -0.498899452566062E+00 -0.753844899861239E-01
 -0.769420884293814E+00 -0.508705464881202E+00 -0.772542485937368E-01
 -0.758581022679884E+00 -0.518298455767113E+00 -0.791192417953965E-01
 -0.747554088412838E+00 -0.527674774702721E+00 -0.809793545495374E-01
 -0.736345582501192E+00 -0.536830887067054E+00 -0.828344721156428E-01
 -0.724961092352298E+00 -0.545763375998402E+00 -0.846844800613228E-01
 -0.713406288709720E+00 -0.554468944188382E+00 -0.865292642693732E-01
 -0.701686922545221E+00 -0.562944415609917E+00 -0.883687109448143E-01
 -0.689808821907108E+00 -0.571186737178178E+00 -0.902027066219104E-01
 -0.677777888726662E+00 -0.579192980343567E+00 -0.920311381711694E-01
 -0.665600095584433E+00 -0.586960342615873E+00 -0.938538928063207E-01
 -0.653281482438189E+00 -0.594486149018751E+00 -0.956708580912724E-01
 -0.640828153314334E+00 -0.601767853473734E+00 -0.974819219470471E-01
 -0.628246272964636E+00 -0.608803040112998E+00 -0.992869726586952E-01
 -0.615542063490100E+00 -0.615589424520184E+00 -0.101085898882186E+00
 -0.602721800933875E+00 -0.622124854898565E+00 -0.102878589651277E+00
 -0.589791811845078E+00 -0.628407313165939E+00 -0.104664934384357E+00
 -0.576758469815437E+00 -0.634434915975635E+00 -0.106444822891268E+00
 -0.563628191990675E+00 -0.640205915663070E+00 -0.108218145380103E+00
 -0.550407435558564E+00 -0.645718701117345E+00 -0.109984792463979E+00
 -0.537102694215609E+00 -0.650971798577399E+00 -0.111744655167780E+00
 -0.523720494614299E+00 -0.655963872352281E+00 -0.113497624934887E+00
 -0.510267392792918E+00 -0.660693725465154E+00 -0.115243593633866E+00
 -0.496749970589870E+00 -0.665160300220668E+00 -0.116982453565143E+00
 -0.483174832044527E+00 -0.669362678695409E+00 -0.118714097467649E+00
 -0.469548599786588E+00 -0.673300083151144E+00 -0.120438418525429E+00
 -0.455877911415933E+00 -0.676971876370644E+00 -0.122155310374239E+00
 -0.442169415875006E+00 -0.680377561915901E+00 -0.123864667108102E+00
 -0.428429769815722E+00 -0.683516784308614E+00 -0.125566383285843E+00
 -0.414665633962908E+00 -0.686389329132827E+00 -0.127260353937593E+00
 -0.400883669476302E+00 -0.688995123059691E+00 -0.128946474571262E+00
 -0.387090534313124E+00 -0.691334233794330E+00 -0.130624641178987E+00
 -0.373292879593227E+00 -0.693406869944842E+00 -0.132294750243548E+00
 -0.359497345968855E+00 -0.695213380813531E+00 -0.133956698744749E+00
 -0.345710560001009E+00 -0.696754256110469E+00 -0.135610384165780E+00
 -0.331939130544430E+00 -0.698030125589572E+00 -0.137255704499533E+00
 -0.318189645143208E+00 -0.699041758607389E+00 -0.138892558254901E+00
 -0.304468666439009E+00 -0.699790063604849E+00 -0.140520844463033E+00
 -0.290782728593911E+00 -0.700276087512277E+00 -0.142140462683566E+00
 -0.277138333729825E+00 -0.700501015077990E+00 -0.143751313010820E+00
 -0.263541948386494E+00 -0.700466168120878E+00 -0.145353296079958E+00
 -0.250000000000000E+00 -0.700173004707370E+00 -0.146946313073118E+00
 -0.236518873403757E+00 -0.699623118253256E+00 -0.148530265725510E+00
 -0.223104907353917E+00 -0.698818236550867E+00 -0.150105056331471E+00
 -0.209764391081113E+00 -0.697760220722165E+00 -0.151670587750500E+00
 -0.196503560870455E+00 -0.696451064098316E+00 -0.153226763413244E+00
 -0.183328596671658E+00 -0.694892891026386E+00 -0.154773487327459E+00
 -0.170245618741207E+00 -0.693087955603826E+00 -0.156310664083926E+00
 -0.157260684318386E+00 -0.691038640341441E+00 -0.157838198862344E+00
 -0.144379784337037E+00 -0.688747454755612E+00 -0.159355997437172E+00
 -0.131608840174858E+00 -0.686217033890540E+00 -0.160863966183445E+00
 -0.118953700442041E+00 -0.683450136771346E+00 -0.162362012082546E+00
 -0.106420137811033E+00 -0.680449644788885E+00 -0.163850042727948E+00
 -0.940138458891648E-01 -0.677218560017187E+00 -0.165327966330913E+00
 -0.817404361358961E-01 -0.673760003464451E+00 -0.166795691726150E+00
 -0.696054348263626E-01 -0.670077213258573E+00 -0.168253128377443E+00
 -0.576142800629256E-01 -0.666173542768227E+00 -0.169700186383235E+00
 -0.457723188363608E-01 -0.662052458660537E+00 -0.171136776482172E+00
 -0.340848041383277E-01 -0.657717538896427E+00 -0.172562810058609E+00
 -0.225568921267078E-01 -0.653172470664770E+00 -0.173978199148079E+00
 -0.111936393453842E-01 -0.648421048256484E+00 -0.175382856442714E+00
 -0.129893408435324E-15 -0.643467170879758E+00 -0.176776695296637E+00
  0.110191767087966E-01 -0.638314840417637E+00 -0.178159629731301E+00
  0.218591491931474E-01 -0.632968159129198E+00 -0.179531574440797E+00
  0.325152860253729E-01 -0.627431327295611E+00 -0.180892444797112E+00
  0.429830684235499E-01 -0.621708640812396E+00 -0.182242156855353E+00
  0.532580926739018E-01 -0.615804488729211E+00 -0.183580627358921E+00
  0.633360724886587E-01 -0.609723350738545E+00 -0.184907773744652E+00
  0.732128412980937E-01 -0.603469794614711E+00 -0.186223514147906E+00
  0.828843544754550E-01 -0.597048473604578E+00 -0.187527767407615E+00
  0.923466914935739E-01 -0.590464123771478E+00 -0.188820453071296E+00
  0.101596058011954E+00 -0.583721561293771E+00 -0.190101491400008E+00
  0.110628787893188E+00 -0.576825679719590E+00 -0.191370803373272E+00
  0.119441345147587E+00 -0.569781447179265E+00 -0.192628310693947E+00
  0.128030325804953E+00 -0.562593903557002E+00 -0.193873935793059E+00
  0.136392459712455E+00 -0.555268157623382E+00 -0.195107601834582E+00
  0.144524612257624E+00 -0.547809384130269E+00 -0.196329232720186E+00
  0.152423786015502E+00 -0.540222820869764E+00 -0.197538753093923E+00
  0.160087122319061E+00 -0.532513765698821E+00 -0.198736088346878E+00
  0.167511902751992E+00 -0.524687573531188E+00 -0.199921164621773E+00
  0.174695550563077E+00 -0.516749653298358E+00 -0.201093908817521E+00
  0.181635632001340E+00 -0.508705464881202E+00 -0.202254248593737E+00
  0.188329857571244E+00 -0.500560516014006E+00 -0.203402112375197E+00
  0.194776083207260E+00 -0.492320359162630E+00 -0.204537429356256E+00
  0.200972311367139E+00 -0.483990588378524E+00 -0.205660129505215E+00
  0.206916692043308E+00 -0.475576836130353E+00 -0.206770143568640E+00
  0.212607523691814E+00 -0.467084770114997E+00 -0.207867403075636E+00
  0.218043254078321E+00 -0.458520090049695E+00 -0.208951840342068E+00
  0.223222481040693E+00 -0.449888524447119E+00 -0.210023388474735E+00
  0.228143953167740E+00 -0.441195827375176E+00 -0.211081981375504E+00
  0.232806570393768E+00 -0.432447775203332E+00 -0.212127553745376E+00
  0.237209384508589E+00 -0.423650163337282E+00 -0.213160041088523E+00
  0.241351599582745E+00 -0.414808802943761E+00 -0.214179379716262E+00
  0.245232572307680E+00 -0.405929517667342E+00 -0.215185506750986E+00
  0.248851812250709E+00 -0.397018140341035E+00 -0.216178360130039E+00
  0.252208982024627E+00 -0.388080509692498E+00 -0.217157878609548E+00
  0.255303897371884E+00 -0.379122467047747E+00 -0.218124001768199E+00
  0.258136527163278E+00 -0.370149853034120E+00 -0.219076670010966E+00
  0.260706993311173E+00 -0.361168504284410E+00 -0.220015824572783E+00
  0.263015570597303E+00 -0.352184250143930E+00 -0.220941407522173E+00
  0.265062686415256E+00 -0.343202909382393E+00 -0.221853361764821E+00
  0.266848920427795E+00 -0.334230286912402E+00 -0.222751631047092E+00
  0.268375004139207E+00 -0.325272170516400E+00 -0.223636159959506E+00
  0.269641820382925E+00 -0.316334327583867E+00 -0.224506893940154E+00
  0.270650402724718E+00 -0.307422501860629E+00 -0.225363779278061E+00
  0.271401934781779E+00 -0.298542410212030E+00 -0.226206763116505E+00
  0.271897749458110E+00 -0.289699739401803E+00 -0.227035793456270E+00
  0.272139328096611E+00 -0.280900142888430E+00 -0.227850819158861E+00
  0.272128299548380E+00 -0.272149237640747E+00 -0.228651789949653E+00
  0.271866439159722E+00 -0.263452600974604E+00 -0.229438656420995E+00
  0.271355667677453E+00 -0.254815767412290E+00 -0.230211370035257E+00
  0.270598050073099E+00 -0.246244225566520E+00 -0.230969883127822E+00
  0.269595794286665E+00 -0.237743415050676E+00 -0.231714148910030E+00
  0.268351249890671E+00 -0.229318723417047E+00 -0.232444121472063E+00
  0.266866906675192E+00 -0.220975483124748E+00 -0.233159755785773E+00
  0.265145393154718E+00 -0.212718968539029E+00 -0.233861007707467E+00
  0.263189474997652E+00 -0.204554392963616E+00 -0.234547833980621E+00
  0.261002053379326E+00 -0.196486905707754E+00 -0.235220192238556E+00
  0.258586163259466E+00 -0.188521589189572E+00 -0.235878041007048E+00
  0.255944971585060E+00 -0.180663456077383E+00 -0.236521339706886E+00
  0.253081775419637E+00 -0.172917446470515E+00 -0.237150048656376E+00
  0.250000000000000E+00 -0.165288425121220E+00 -0.237764129073788E+00
  0.246703196721507E+00 -0.157781178699236E+00 -0.238363543079750E+00
  0.243195041053013E+00 -0.150400413100495E+00 -0.238948253699583E+00
  0.239479330382645E+00 -0.143150750801486E+00 -0.239518224865580E+00
  0.235559981795615E+00 -0.136036728260748E+00 -0.240073421419236E+00
  0.231441029785306E+00 -0.129062793368921E+00 -0.240613809113412E+00
  0.227126623898908E+00 -0.122233302948795E+00 -0.241139354614449E+00
  0.222621026318930E+00 -0.115552520306724E+00 -0.241650025504227E+00
  0.217928609381917E+00 -0.109024612836785E+00 -0.242145790282158E+00
  0.213053853035781E+00 -0.102653649678999E+00 -0.242626618367136E+00
  0.208001342237139E+00 -0.964435994329289E-01 -0.243092480099419E+00
  0.202775764290137E+00 -0.903983279279149E-01 -0.243543346742462E+00
  0.197381906128217E+00 -0.845215960511911E-01 -0.243979190484687E+00
  0.191824651540367E+00 -0.788170576350915E-01 -0.244399984441198E+00
  0.186108978343383E+00 -0.732882574045177E-01 -0.244805702655441E+00
  0.180239955501737E+00 -0.679386289858120E-01 -0.245196320100808E+00
  0.174222740196636E+00 -0.627714929781365E-01 -0.245571812682172E+00
  0.168062574845928E+00 -0.577900550884415E-01 -0.245932157237384E+00
  0.161764784076499E+00 -0.529974043310451E-01 -0.246277331538693E+00
  0.155334771650866E+00 -0.483965112928404E-01 -0.246607314294124E+00
  0.148778017349658E+00 -0.439902264650803E-01 -0.246922085148784E+00
  0.142100073811746E+00 -0.397812786426779E-01 -0.247221624686126E+00
  0.135306563333763E+00 -0.357722733919062E-01 -0.247505914429139E+00
  0.128403174630818E+00 -0.319656915873517E-01 -0.247774936841494E+00
  0.121395659560187E+00 -0.283638880189332E-01 -0.248028675328619E+00
  0.114289829809828E+00 -0.249690900697611E-01 -0.248267114238732E+00
  0.107091553553552E+00 -0.217833964655738E-01 -0.248490238863795E+00
  0.998067520747228E-01 -0.188087760964400E-01 -0.248698035440432E+00
  0.924413963603575E-01 -0.160470669113923E-01 -0.248890491150770E+00
  0.850015036675367E-01 -0.134999748865955E-01 -0.249067594123235E+00
  0.774931340640304E-01 -0.111690730676304E-01 -0.249229333433282E+00
  0.699223869450697E-01 -0.905580068642317E-02 -0.249375699104068E+00
  0.622953975282058E-01 -0.716146235331026E-02 -0.249506682107068E+00
  0.546183333282088E-01 -0.548722732468937E-02 -0.249622274362634E+00
  0.468973906139703E-01 -0.403412884666270E-02 -0.249722468740492E+00
  0.391387908493849E-01 -0.280306357503752E-02 -0.249807259060181E+00
  0.313487771201930E-01 -0.179479107200645E-02 -0.249876640091433E+00
  0.235336105487783E-01 -0.100993337978736E-02 -0.249930607554500E+00
  0.156995666989110E-01 -0.448974671459237E-03 -0.249969158120415E+00
  0.785293197244949E-02 -0.112260979189069E-03 -0.249992289411197E+00
