


                          GEO2 Output



     Number of curve segments:  M =  400

     Penalty weight W parameters:
          Initial value:  W0 = 1.000D+00
          Scale factor:  WSF = 2.000D+00
          Final value:  WMAX = 1.000D+03

     Descent method parameters:
          L2 gradient flag:  L2G = F
          Weight on vertex values in D:  A0 = 1.000D+01
          Minimum condition # of DTD:  RCMIN = 1.000D-13
          # CG steps between restarts:  MAXCG =   3
          Optimal step-size flag:  OPT = T
          Constant step-size if OPT = F:  SSIZ0 = 1.000D-03
          Initial step-size if OPT = T:  SSIZ1 = 1.000D-05
          Line search tolerance:  FMTOL = 1.000D-06

     Convergence parameters:  
          Tolerance:  PHTOL = 1.000D-11
          Max # of descent steps per w value:  NGMAX0 =   20000


     :3 Number of curve segments:  M =  400


     Penalty weight:  w = 1.000D+00
     :33 Vertices of initial curve:  C(j) =               7.852931972449488D-03             -1.122609791890694D-04             -2.499922894111974D-01
              0.000000000000000D+00              0.000000000000000D+00              2.500000000000000D-01
              7.852931972449410D-03              1.122609791890672D-04              2.499922894111974D-01
              1.569956669891099D-02              4.489746714592348D-04              2.499691581204151D-01
              2.353361054877826D-02              1.009933379787358D-03              2.499306075545001D-01
              3.134877712019301D-02              1.794791072006452D-03              2.498766400914329D-01
              3.913879084938452D-02              2.803063575037471D-03              2.498072590601807D-01
              4.689739061397000D-02              4.034128846662644D-03              2.497224687404925D-01
              5.461833332820860D-02              5.487227324689318D-03              2.496222743626345D-01
              6.229539752820563D-02              7.161462353310212D-03              2.495066821070679D-01
              6.992238694506948D-02              9.055800686423131D-03              2.493756991040675D-01
              7.749313406403023D-02              1.116907306763038D-02              2.492293334332820D-01
              8.500150366753662D-02              1.349997488659545D-02              2.490675941232353D-01
              9.244139636035746D-02              1.604706691139230D-02              2.488904911507700D-01
              9.980675207472281D-02              1.880877609643998D-02              2.486980354404316D-01
              1.070915535535521D-01              2.178339646557364D-02              2.484902388637949D-01
              1.142898298098276D-01              2.496909006976118D-02              2.482671142387316D-01
              1.213956595601869D-01              2.836388801893303D-02              2.480286753286195D-01
              1.284031746308180D-01              3.196569158735159D-02              2.477749368414937D-01
              1.353065633337631D-01              3.577227339190611D-02              2.475059144291394D-01
              1.421000738117454D-01              3.978127864267780D-02              2.472216246861262D-01
              1.487780173496580D-01              4.399022646508028D-02              2.469220851487844D-01
              1.553347716508658D-01              4.839651129284041D-02              2.466073142941239D-01
              1.617647840764990D-01              5.299740433104511D-02              2.462773315386935D-01
              1.680625748459274D-01              5.779005508844123D-02              2.459321572373840D-01
              1.742227401966360D-01              6.277149297813647D-02              2.455718126821722D-01
              1.802399555017370D-01              6.793862898581177D-02              2.451963201008076D-01
              1.861089783433831D-01              7.328825740451778D-02              2.448057026554414D-01
              1.918246515403664D-01              7.881705763509132D-02              2.443999844411977D-01
              1.973819061282170D-01              8.452159605119096D-02              2.439791904846869D-01
              2.027757642901370D-01              9.039832792791477D-02              2.435433467424623D-01
              2.080013422371391D-01              9.644359943292875D-02              2.430924800994191D-01
              2.130538530357805D-01              1.026536496789988D-01              2.426266183671356D-01
              2.179286093819169D-01              1.090246128367849D-01              2.421457902821578D-01
              2.226210263189295D-01              1.155525203067244D-01              2.416500255042268D-01
              2.271266238989080D-01              1.222333029487951D-01              2.411393546144495D-01
              2.314410297853056D-01              1.290627933689210D-01              2.406138091134118D-01
              2.355599817956152D-01              1.360367282607475D-01              2.400734214192358D-01
              2.394793303826449D-01              1.431507508014858D-01              2.395182248655798D-01
              2.431950410530129D-01              1.504004131004943D-01              2.389482536995825D-01
              2.467031967215071D-01              1.577811786992357D-01              2.383635430797503D-01
              2.500000000000000D-01              1.652884251212196D-01              2.377641290737884D-01
              2.530817754196368D-01              1.729174464705144D-01              2.371500486563762D-01
              2.559449715850604D-01              1.806634560773832D-01              2.365213397068863D-01
              2.585861632594663D-01              1.885215891895713D-01              2.358780410070484D-01
              2.610020533793261D-01              1.964869057077536D-01              2.352201922385564D-01
              2.631894749976521D-01              2.045543929636158D-01              2.345478339806210D-01
              2.651453931547181D-01              2.127189685390287D-01              2.338610077074668D-01
              2.668669066751916D-01              2.209754831247477D-01              2.331597557857735D-01
              2.683512498906708D-01              2.293187234170463D-01              2.324441214720629D-01
              2.695957942866652D-01              2.377434150506760D-01              2.317141489100302D-01
              2.705980500730985D-01              2.462442255665196D-01              2.309698831278217D-01
              2.713556676774529D-01              2.548157674122899D-01              2.302113700352566D-01
              2.718664391597224D-01              2.634526009746039D-01              2.294386564209953D-01
              2.721282995483798D-01              2.721492376407475D-01              2.286517899496534D-01
              2.721393280966107D-01              2.809001428884292D-01              2.278508191588613D-01
              2.718977494581096D-01              2.896997394018032D-01              2.270357934562703D-01
              2.714019347817793D-01              2.985424102120300D-01              2.262067631165049D-01
              2.706504027247177D-01              3.074225018606296D-01              2.253637792780614D-01
              2.696418203829253D-01              3.163343275838669D-01              2.245068939401539D-01
              2.683750041392074D-01              3.252721705163988D-01              2.236361599595063D-01
              2.668489204277955D-01              3.342302869124023D-01              2.227516310470920D-01
              2.650626864152562D-01              3.432029093823926D-01              2.218533617648208D-01
              2.630155705973032D-01              3.521842501439298D-01              2.209414075221734D-01
              2.607069933111733D-01              3.611685042844099D-01              2.200158245727830D-01
              2.581365271632781D-01              3.701498530341204D-01              2.190766700109659D-01
              2.553038973718840D-01              3.791224670477464D-01              2.181240017681993D-01
              2.522089820246265D-01              3.880805096924987D-01              2.171578786095478D-01
              2.488518122507086D-01              3.970181403410342D-01              2.161783601300388D-01
              2.452325723076801D-01              4.059295176673428D-01              2.151855067509859D-01
              2.413515995827452D-01              4.148088029437605D-01              2.141793797162624D-01
              2.372093845085895D-01              4.236501633372813D-01              2.131600410885230D-01
              2.328065703937679D-01              4.324477752033320D-01              2.121275537453759D-01
              2.281439531677406D-01              4.411958273751753D-01              2.110819813755038D-01
              2.232224810406929D-01              4.498885244471184D-01              2.100233884747355D-01
              2.180432540783211D-01              4.585200900496944D-01              2.089518403420676D-01
              2.126075236918141D-01              4.670847701149964D-01              2.078674030756363D-01
              2.069166920433085D-01              4.755768361303525D-01              2.067701435686405D-01
              2.009723113671393D-01              4.839905883785238D-01              2.056601295052150D-01
              1.947760832072598D-01              4.923203591626303D-01              2.045374293562559D-01
              1.883298575712443D-01              5.005605160140063D-01              2.034021123751968D-01
              1.816356320013403D-01              5.087054648812022D-01              2.022542485937369D-01
              1.746955505630776D-01              5.167496532983582D-01              2.010939088175211D-01
              1.675119027519917D-01              5.246875735311880D-01              1.999211646217726D-01
              1.600871223190605D-01              5.325137656988209D-01              1.987360883468775D-01
              1.524237860155023D-01              5.402228208697643D-01              1.975387530939226D-01
              1.445246122576237D-01              5.478093841302687D-01              1.963292327201862D-01
              1.363924597124553D-01              5.552681576233813D-01              1.951076018345825D-01
              1.280303258049529D-01              5.625939035570020D-01              1.938739357930586D-01
              1.194413451475870D-01              5.697814471792645D-01              1.926283106939473D-01
              1.106287878931880D-01              5.768256797195896D-01              1.913708033732720D-01
              1.015960580119543D-01              5.837215612937708D-01              1.901014914000077D-01
              9.234669149357407D-02              5.904641237714775D-01              1.888204530712959D-01
              8.288435447545513D-02              5.970484736045785D-01              1.875277674076149D-01
              7.321284129809374D-02              6.034697946147110D-01              1.862235141479055D-01
              6.333607248865858D-02              6.097233507385447D-01              1.849077737446524D-01
              5.325809267390162D-02              6.158044887292113D-01              1.835806273589214D-01
              4.298306842355037D-02              6.217086408123961D-01              1.822421568553529D-01
              3.251528602537324D-02              6.274313272956107D-01              1.808924447971123D-01
              2.185914919314776D-02              6.329681591291978D-01              1.795315744407972D-01
              1.101917670879678D-02              6.383148404176373D-01              1.781596297313013D-01
              4.329780281177466D-17              6.434671708797582D-01              1.767766952966369D-01
             -1.119363934538402D-02              6.484210482564837D-01              1.753828564427140D-01
             -2.255689212670773D-02              6.531724706647705D-01              1.739781991480786D-01
             -3.408480413832764D-02              6.577175388964275D-01              1.725628100586093D-01
             -4.577231883636092D-02              6.620524586605375D-01              1.711367764821722D-01
             -5.761428006292572D-02              6.661735427682275D-01              1.697001863832354D-01
             -6.960543482636287D-02              6.700772132585731D-01              1.682531283774433D-01
             -8.174043613589571D-02              6.737600034644510D-01              1.667956917261499D-01
             -9.401384588916439D-02              6.772185600171873D-01              1.653279663309130D-01
             -1.064201378110323D-01              6.804496447888848D-01              1.638500427279485D-01
             -1.189537004420410D-01              6.834501367713456D-01              1.623620120825459D-01
             -1.316088401748579D-01              6.862170338905399D-01              1.608639661834447D-01
             -1.443797843370370D-01              6.887474547556118D-01              1.593559974371724D-01
             -1.572606843183860D-01              6.910386403414407D-01              1.578381988623444D-01
             -1.702456187412071D-01              6.930879556038260D-01              1.563106640839263D-01
             -1.833285966716585D-01              6.948928910263864D-01              1.547734873274585D-01
             -1.965035608704549D-01              6.964510640983157D-01              1.532267634132441D-01
             -2.097643910811134D-01              6.977602207221648D-01              1.516705877504999D-01
             -2.231049073539166D-01              6.988182365508668D-01              1.501050563314710D-01
             -2.365188734037566D-01              6.996231182532556D-01              1.485302657255096D-01
             -2.499999999999997D-01              7.001730047073702D-01              1.469463130731183D-01
             -2.635419483864944D-01              7.004661681208781D-01              1.453532960799576D-01
             -2.771383337298253D-01              7.005010150779898D-01              1.437513130108196D-01
             -2.907827285939105D-01              7.002760875122770D-01              1.421404626835660D-01
             -3.044686664390094D-01              6.997900636048494D-01              1.405208444630327D-01
             -3.181896451432082D-01              6.990417586073889D-01              1.388925582549006D-01
             -3.319391305444304D-01              6.980301255895721D-01              1.372557044995329D-01
             -3.457105600010095D-01              6.967542561104687D-01              1.356103841657797D-01
             -3.594973459688555D-01              6.952133808135309D-01              1.339566987447491D-01
             -3.732928795932268D-01              6.934068699448424D-01              1.322947502435476D-01
             -3.870905343131235D-01              6.913342337943300D-01              1.306246411789872D-01
             -4.008836694763018D-01              6.889951230596914D-01              1.289464745712619D-01
             -4.146656339629078D-01              6.863893291328268D-01              1.272603539375928D-01
             -4.284297698157220D-01              6.835167843086138D-01              1.255663832858431D-01
             -4.421694158750060D-01              6.803775619159010D-01              1.238646671081019D-01
             -4.558779114159328D-01              6.769718763706435D-01              1.221553103742387D-01
             -4.695485997865887D-01              6.733000831511440D-01              1.204384185254288D-01
             -4.831748320445278D-01              6.693626786954088D-01              1.187140974676486D-01
             -4.967499705898695D-01              6.651603002206676D-01              1.169824535651433D-01
             -5.102673927929178D-01              6.606937254651539D-01              1.152435936338656D-01
             -5.237204946142993D-01              6.559638723522815D-01              1.134976249348867D-01
             -5.371026942156086D-01              6.509717985773991D-01              1.117446551677803D-01
             -5.504074355585642D-01              6.457187011173448D-01              1.099847924639788D-01
             -5.636281919906747D-01              6.402059156630697D-01              1.082181453801035D-01
             -5.767584698154372D-01              6.344349159756353D-01              1.064448228912682D-01
             -5.897918118450777D-01              6.284073131659393D-01              1.046649343843570D-01
             -6.027218009338744D-01              6.221248548985648D-01              1.028785896512772D-01
             -6.155420634901000D-01              6.155894245201836D-01              1.010858988821862D-01
             -6.282462729646363D-01              6.088030401129977D-01              9.928697265869514D-02
             -6.408281533143341D-01              6.017678534737335D-01              9.748192194704706D-02
             -6.532814824381882D-01              5.944861490187514D-01              9.567085809127246D-02
             -6.656000955844328D-01              5.869603426158730D-01              9.385389280632078D-02
             -6.777778887266618D-01              5.791929803435675D-01              9.203113817116952D-02
             -6.898088219071077D-01              5.711867371781785D-01              9.020270662191043D-02
             -7.016869225452205D-01              5.629444156099176D-01              8.836871094481429D-02
             -7.134062887097196D-01              5.544689441883821D-01              8.652926426937325D-02
             -7.249610923522983D-01              5.457633759984021D-01              8.468448006132287D-02
             -7.363455825011919D-01              5.368308870670542D-01              8.283447211564278D-02
             -7.475540884128385D-01              5.276747747027208D-01              8.097935454953735D-02
             -7.585810226798843D-01              5.182984557671129D-01              7.911924179539653D-02
             -7.694208842938133D-01              5.087054648812023D-01              7.725424859373686D-02
             -7.800682616605003D-01              4.988994525660627D-01              7.538448998612395D-02
             -7.905178355670175D-01              4.888841833196385D-01              7.351008130807603D-02
             -8.007643820980488D-01              4.786635336305036D-01              7.163113818194962D-02
             -8.108027755002971D-01              4.682414899297087D-01              6.974777650980737D-02
             -8.206279909932942D-01              4.576221464818461D-01              6.786011246626864D-02
             -8.302351075250564D-01              4.468097032164954D-01              6.596826249134319D-02
             -8.396193104710564D-01              4.358084635012527D-01              6.407234328324914D-02
             -8.487758942750213D-01              4.246228318575622D-01              6.217247179121368D-02
             -8.577002650300823D-01              4.132573116206255D-01              6.026876520825967D-02
             -8.663879429988537D-01              4.017165025446706D-01              5.836134096397637D-02
             -8.748345650710418D-01              3.900050983549092D-01              5.645031671727595D-02
             -8.830358871572186D-01              3.781278842475314D-01              5.453581034913568D-02
             -8.909877865174374D-01              3.660897343391218D-01              5.261793995532646D-02
             -8.986862640233944D-01              3.538956090669053D-01              5.069682383912818D-02
             -9.061274463528876D-01              3.415505525412578D-01              4.877258050403213D-02
             -9.133075881153517D-01              3.290596898519483D-01              4.684532864643118D-02
             -9.202230739072929D-01              3.164282243295991D-01              4.491518714829812D-02
             -9.268704202964826D-01              3.036614347638767D-01              4.298227506985238D-02
             -9.332462777338136D-01              2.907646725799533D-01              4.104671164221574D-02
             -9.393474323917528D-01              2.777433589747989D-01              3.910861626005773D-02
             -9.451708079283750D-01              2.646029820148885D-01              3.716810847423077D-02
             -9.507134671760012D-01              2.513490936969249D-01              3.522530798439570D-02
             -9.559726137535003D-01              2.379873069732073D-01              3.328033463163814D-02
             -9.609455936013644D-01              2.245232927432873D-01              3.133330839107612D-02
             -9.656298964387051D-01              2.109627768135756D-01              2.938434936445943D-02
             -9.700231571413624D-01              1.973115368265838D-01              2.743357777276134D-02
             -9.741231570403639D-01              1.835753991614932D-01              2.548111394876249D-02
             -9.779278251400115D-01              1.697602358077733D-01              2.352707832962857D-02
             -9.814352392549243D-01              1.558719612135686D-01              2.157159144948085D-02
             -9.846436270654022D-01              1.419165291106065D-01              1.961477393196125D-02
             -9.875513670905303D-01              1.278999293173751D-01              1.765674648279170D-02
             -9.901569895784801D-01              1.138281845223426D-01              1.569762988232838D-02
             -9.924591773135166D-01              9.970734704899580D-02              1.373754497811149D-02
             -9.944567663392638D-01              8.554349560448755D-02              1.177661267741067D-02
             -9.961487465978246D-01              7.134273201369246D-02              9.814953939767166D-03
             -9.975342624844058D-01              5.711117794047258D-02              7.852689769532099D-03
             -9.986126133171352D-01              4.285497159797373D-02              5.889941208402576D-03
             -9.993832537218154D-01              2.858026444976577D-02              3.926829327955162D-03
             -9.998457939313951D-01              1.429321790365631D-02              1.963475222177837D-03
             -1.000000000000000D+00              1.114428587224091D-16              1.530808498934192D-17
             -9.998457939313951D-01             -1.429321790365608D-02             -1.963475222177807D-03
             -9.993832537218154D-01             -2.858026444976555D-02             -3.926829327955132D-03
             -9.986126133171354D-01             -4.285497159797351D-02             -5.889941208402545D-03
             -9.975342624844058D-01             -5.711117794047237D-02             -7.852689769532070D-03
             -9.961487465978246D-01             -7.134273201369223D-02             -9.814953939767137D-03
             -9.944567663392638D-01             -8.554349560448733D-02             -1.177661267741064D-02
             -9.924591773135167D-01             -9.970734704899517D-02             -1.373754497811140D-02
             -9.901569895784802D-01             -1.138281845223423D-01             -1.569762988232835D-02
             -9.875513670905303D-01             -1.278999293173749D-01             -1.765674648279167D-02
             -9.846436270654023D-01             -1.419165291106063D-01             -1.961477393196122D-02
             -9.814352392549244D-01             -1.558719612135684D-01             -2.157159144948082D-02
             -9.779278251400114D-01             -1.697602358077734D-01             -2.352707832962860D-02
             -9.741231570403638D-01             -1.835753991614933D-01             -2.548111394876252D-02
             -9.700231571413626D-01             -1.973115368265835D-01             -2.743357777276131D-02
             -9.656298964387052D-01             -2.109627768135753D-01             -2.938434936445939D-02
             -9.609455936013648D-01             -2.245232927432867D-01             -3.133330839107604D-02
             -9.559726137535006D-01             -2.379873069732067D-01             -3.328033463163805D-02
             -9.507134671760016D-01             -2.513490936969243D-01             -3.522530798439562D-02
             -9.451708079283752D-01             -2.646029820148882D-01             -3.716810847423074D-02
             -9.393474323917529D-01             -2.777433589747987D-01             -3.910861626005770D-02
             -9.332462777338136D-01             -2.907646725799534D-01             -4.104671164221576D-02
             -9.268704202964825D-01             -3.036614347638769D-01             -4.298227506985240D-02
             -9.202230739072926D-01             -3.164282243295992D-01             -4.491518714829814D-02
             -9.133075881153520D-01             -3.290596898519482D-01             -4.684532864643115D-02
             -9.061274463528879D-01             -3.415505525412573D-01             -4.877258050403205D-02
             -8.986862640233947D-01             -3.538956090669048D-01             -5.069682383912810D-02
             -8.909877865174377D-01             -3.660897343391213D-01             -5.261793995532638D-02
             -8.830358871572190D-01             -3.781278842475309D-01             -5.453581034913559D-02
             -8.748345650710422D-01             -3.900050983549087D-01             -5.645031671727586D-02
             -8.663879429988536D-01             -4.017165025446708D-01             -5.836134096397639D-02
             -8.577002650300822D-01             -4.132573116206256D-01             -6.026876520825969D-02
             -8.487758942750212D-01             -4.246228318575623D-01             -6.217247179121371D-02
             -8.396193104710563D-01             -4.358084635012528D-01             -6.407234328324916D-02
             -8.302351075250562D-01             -4.468097032164955D-01             -6.596826249134322D-02
             -8.206279909932945D-01             -4.576221464818456D-01             -6.786011246626855D-02
             -8.108027755002976D-01             -4.682414899297083D-01             -6.974777650980729D-02
             -8.007643820980492D-01             -4.786635336305031D-01             -7.163113818194954D-02
             -7.905178355670179D-01             -4.888841833196381D-01             -7.351008130807594D-02
             -7.800682616605008D-01             -4.988994525660623D-01             -7.538448998612386D-02
             -7.694208842938137D-01             -5.087054648812018D-01             -7.725424859373678D-02
             -7.585810226798841D-01             -5.182984557671131D-01             -7.911924179539655D-02
             -7.475540884128384D-01             -5.276747747027211D-01             -8.097935454953736D-02
             -7.363455825011921D-01             -5.368308870670540D-01             -8.283447211564275D-02
             -7.249610923522984D-01             -5.457633759984019D-01             -8.468448006132284D-02
             -7.134062887097197D-01             -5.544689441883819D-01             -8.652926426937323D-02
             -7.016869225452206D-01             -5.629444156099175D-01             -8.836871094481426D-02
             -6.898088219071079D-01             -5.711867371781782D-01             -9.020270662191041D-02
             -6.777778887266623D-01             -5.791929803435673D-01             -9.203113817116944D-02
             -6.656000955844332D-01             -5.869603426158727D-01             -9.385389280632071D-02
             -6.532814824381887D-01             -5.944861490187511D-01             -9.567085809127238D-02
             -6.408281533143338D-01             -6.017678534737335D-01             -9.748192194704709D-02
             -6.282462729646362D-01             -6.088030401129978D-01             -9.928697265869517D-02
             -6.155420634900999D-01             -6.155894245201836D-01             -1.010858988821862D-01
             -6.027218009338747D-01             -6.221248548985646D-01             -1.028785896512772D-01
             -5.897918118450776D-01             -6.284073131659395D-01             -1.046649343843571D-01
             -5.767584698154370D-01             -6.344349159756353D-01             -1.064448228912682D-01
             -5.636281919906746D-01             -6.402059156630698D-01             -1.082181453801035D-01
             -5.504074355585641D-01             -6.457187011173449D-01             -1.099847924639788D-01
             -5.371026942156089D-01             -6.509717985773990D-01             -1.117446551677803D-01
             -5.237204946142995D-01             -6.559638723522814D-01             -1.134976249348867D-01
             -5.102673927929180D-01             -6.606937254651538D-01             -1.152435936338656D-01
             -4.967499705898696D-01             -6.651603002206675D-01             -1.169824535651433D-01
             -4.831748320445273D-01             -6.693626786954089D-01             -1.187140974676487D-01
             -4.695485997865881D-01             -6.733000831511441D-01             -1.204384185254289D-01
             -4.558779114159326D-01             -6.769718763706436D-01             -1.221553103742388D-01
             -4.421694158750057D-01             -6.803775619159012D-01             -1.238646671081019D-01
             -4.284297698157218D-01             -6.835167843086140D-01             -1.255663832858431D-01
             -4.146656339629077D-01             -6.863893291328269D-01             -1.272603539375928D-01
             -4.008836694763020D-01             -6.889951230596914D-01             -1.289464745712618D-01
             -3.870905343131238D-01             -6.913342337943300D-01             -1.306246411789872D-01
             -3.732928795932270D-01             -6.934068699448422D-01             -1.322947502435476D-01
             -3.594973459688550D-01             -6.952133808135310D-01             -1.339566987447492D-01
             -3.457105600010091D-01             -6.967542561104687D-01             -1.356103841657797D-01
             -3.319391305444300D-01             -6.980301255895721D-01             -1.372557044995330D-01
             -3.181896451432082D-01             -6.990417586073889D-01             -1.388925582549006D-01
             -3.044686664390095D-01             -6.997900636048494D-01             -1.405208444630327D-01
             -2.907827285939105D-01             -7.002760875122770D-01             -1.421404626835660D-01
             -2.771383337298253D-01             -7.005010150779898D-01             -1.437513130108196D-01
             -2.635419483864944D-01             -7.004661681208781D-01             -1.453532960799576D-01
             -2.500000000000001D-01             -7.001730047073702D-01             -1.469463130731183D-01
             -2.365188734037570D-01             -6.996231182532557D-01             -1.485302657255096D-01
             -2.231049073539170D-01             -6.988182365508669D-01             -1.501050563314710D-01
             -2.097643910811131D-01             -6.977602207221648D-01             -1.516705877505000D-01
             -1.965035608704546D-01             -6.964510640983157D-01             -1.532267634132441D-01
             -1.833285966716582D-01             -6.948928910263864D-01             -1.547734873274585D-01
             -1.702456187412071D-01             -6.930879556038260D-01             -1.563106640839263D-01
             -1.572606843183860D-01             -6.910386403414407D-01             -1.578381988623444D-01
             -1.443797843370370D-01             -6.887474547556118D-01             -1.593559974371724D-01
             -1.316088401748579D-01             -6.862170338905400D-01             -1.608639661834447D-01
             -1.189537004420412D-01             -6.834501367713456D-01             -1.623620120825459D-01
             -1.064201378110326D-01             -6.804496447888848D-01             -1.638500427279485D-01
             -9.401384588916475D-02             -6.772185600171874D-01             -1.653279663309129D-01
             -8.174043613589609D-02             -6.737600034644511D-01             -1.667956917261499D-01
             -6.960543482636256D-02             -6.700772132585729D-01             -1.682531283774434D-01
             -5.761428006292557D-02             -6.661735427682274D-01             -1.697001863832354D-01
             -4.577231883636078D-02             -6.620524586605374D-01             -1.711367764821722D-01
             -3.408480413832765D-02             -6.577175388964275D-01             -1.725628100586093D-01
             -2.255689212670775D-02             -6.531724706647705D-01             -1.739781991480786D-01
             -1.119363934538419D-02             -6.484210482564838D-01             -1.753828564427139D-01
             -1.298934084353240D-16             -6.434671708797584D-01             -1.767766952966369D-01
              1.101917670879661D-02             -6.383148404176374D-01             -1.781596297313013D-01
              2.185914919314744D-02             -6.329681591291979D-01             -1.795315744407972D-01
              3.251528602537292D-02             -6.274313272956108D-01             -1.808924447971123D-01
              4.298306842354992D-02             -6.217086408123963D-01             -1.822421568553528D-01
              5.325809267390177D-02             -6.158044887292113D-01             -1.835806273589214D-01
              6.333607248865872D-02             -6.097233507385447D-01             -1.849077737446524D-01
              7.321284129809373D-02             -6.034697946147110D-01             -1.862235141479055D-01
              8.288435447545496D-02             -5.970484736045785D-01             -1.875277674076149D-01
              9.234669149357393D-02             -5.904641237714776D-01             -1.888204530712959D-01
              1.015960580119542D-01             -5.837215612937710D-01             -1.901014914000077D-01
              1.106287878931879D-01             -5.768256797195898D-01             -1.913708033732720D-01
              1.194413451475867D-01             -5.697814471792647D-01             -1.926283106939473D-01
              1.280303258049525D-01             -5.625939035570022D-01             -1.938739357930586D-01
              1.363924597124549D-01             -5.552681576233818D-01             -1.951076018345824D-01
              1.445246122576238D-01             -5.478093841302686D-01             -1.963292327201863D-01
              1.524237860155024D-01             -5.402228208697641D-01             -1.975387530939226D-01
              1.600871223190606D-01             -5.325137656988208D-01             -1.987360883468775D-01
              1.675119027519916D-01             -5.246875735311881D-01             -1.999211646217726D-01
              1.746955505630775D-01             -5.167496532983583D-01             -2.010939088175211D-01
              1.816356320013401D-01             -5.087054648812023D-01             -2.022542485937368D-01
              1.883298575712442D-01             -5.005605160140064D-01             -2.034021123751967D-01
              1.947760832072596D-01             -4.923203591626304D-01             -2.045374293562558D-01
              2.009723113671391D-01             -4.839905883785240D-01             -2.056601295052149D-01
              2.069166920433082D-01             -4.755768361303528D-01             -2.067701435686404D-01
              2.126075236918139D-01             -4.670847701149968D-01             -2.078674030756363D-01
              2.180432540783208D-01             -4.585200900496947D-01             -2.089518403420675D-01
              2.232224810406929D-01             -4.498885244471185D-01             -2.100233884747355D-01
              2.281439531677403D-01             -4.411958273751758D-01             -2.110819813755037D-01
              2.328065703937679D-01             -4.324477752033320D-01             -2.121275537453759D-01
              2.372093845085892D-01             -4.236501633372821D-01             -2.131600410885230D-01
              2.413515995827452D-01             -4.148088029437607D-01             -2.141793797162624D-01
              2.452325723076803D-01             -4.059295176673425D-01             -2.151855067509859D-01
              2.488518122507085D-01             -3.970181403410346D-01             -2.161783601300387D-01
              2.522089820246265D-01             -3.880805096924984D-01             -2.171578786095478D-01
              2.553038973718839D-01             -3.791224670477469D-01             -2.181240017681992D-01
              2.581365271632782D-01             -3.701498530341202D-01             -2.190766700109659D-01
              2.607069933111732D-01             -3.611685042844104D-01             -2.200158245727829D-01
              2.630155705973032D-01             -3.521842501439300D-01             -2.209414075221734D-01
              2.650626864152561D-01             -3.432029093823931D-01             -2.218533617648208D-01
              2.668489204277954D-01             -3.342302869124025D-01             -2.227516310470919D-01
              2.683750041392073D-01             -3.252721705163995D-01             -2.236361599595062D-01
              2.696418203829253D-01             -3.163343275838671D-01             -2.245068939401539D-01
              2.706504027247177D-01             -3.074225018606294D-01             -2.253637792780614D-01
              2.714019347817792D-01             -2.985424102120303D-01             -2.262067631165048D-01
              2.718977494581096D-01             -2.896997394018031D-01             -2.270357934562703D-01
              2.721393280966106D-01             -2.809001428884297D-01             -2.278508191588613D-01
              2.721282995483799D-01             -2.721492376407475D-01             -2.286517899496534D-01
              2.718664391597225D-01             -2.634526009746044D-01             -2.294386564209952D-01
              2.713556676774529D-01             -2.548157674122900D-01             -2.302113700352565D-01
              2.705980500730986D-01             -2.462442255665203D-01             -2.309698831278216D-01
              2.695957942866652D-01             -2.377434150506761D-01             -2.317141489100302D-01
              2.683512498906708D-01             -2.293187234170465D-01             -2.324441214720628D-01
              2.668669066751917D-01             -2.209754831247480D-01             -2.331597557857735D-01
              2.651453931547181D-01             -2.127189685390286D-01             -2.338610077074668D-01
              2.631894749976522D-01             -2.045543929636162D-01             -2.345478339806210D-01
              2.610020533793261D-01             -1.964869057077536D-01             -2.352201922385564D-01
              2.585861632594665D-01             -1.885215891895718D-01             -2.358780410070484D-01
              2.559449715850604D-01             -1.806634560773832D-01             -2.365213397068863D-01
              2.530817754196370D-01             -1.729174464705150D-01             -2.371500486563761D-01
              2.500000000000001D-01             -1.652884251212197D-01             -2.377641290737884D-01
              2.467031967215073D-01             -1.577811786992359D-01             -2.383635430797503D-01
              2.431950410530130D-01             -1.504004131004945D-01             -2.389482536995825D-01
              2.394793303826448D-01             -1.431507508014856D-01             -2.395182248655798D-01
              2.355599817956153D-01             -1.360367282607478D-01             -2.400734214192357D-01
              2.314410297853056D-01             -1.290627933689209D-01             -2.406138091134118D-01
              2.271266238989082D-01             -1.222333029487954D-01             -2.411393546144495D-01
              2.226210263189295D-01             -1.155525203067243D-01             -2.416500255042268D-01
              2.179286093819172D-01             -1.090246128367853D-01             -2.421457902821577D-01
              2.130538530357806D-01             -1.026536496789988D-01             -2.426266183671356D-01
              2.080013422371392D-01             -9.644359943292886D-02             -2.430924800994191D-01
              2.027757642901371D-01             -9.039832792791488D-02             -2.435433467424623D-01
              1.973819061282171D-01             -8.452159605119110D-02             -2.439791904846868D-01
              1.918246515403666D-01             -7.881705763509150D-02             -2.443999844411976D-01
              1.861089783433829D-01             -7.328825740451766D-02             -2.448057026554415D-01
              1.802399555017372D-01             -6.793862898581200D-02             -2.451963201008076D-01
              1.742227401966359D-01             -6.277149297813646D-02             -2.455718126821722D-01
              1.680625748459278D-01             -5.779005508844152D-02             -2.459321572373840D-01
              1.617647840764990D-01             -5.299740433104513D-02             -2.462773315386935D-01
              1.553347716508659D-01             -4.839651129284045D-02             -2.466073142941239D-01
              1.487780173496581D-01             -4.399022646508035D-02             -2.469220851487844D-01
              1.421000738117456D-01             -3.978127864267788D-02             -2.472216246861261D-01
              1.353065633337632D-01             -3.577227339190622D-02             -2.475059144291394D-01
              1.284031746308182D-01             -3.196569158735171D-02             -2.477749368414937D-01
              1.213956595601871D-01             -2.836388801893315D-02             -2.480286753286194D-01
              1.142898298098276D-01             -2.496909006976114D-02             -2.482671142387316D-01
              1.070915535535524D-01             -2.178339646557379D-02             -2.484902388637949D-01
              9.980675207472281D-02             -1.880877609643997D-02             -2.486980354404316D-01
              9.244139636035750D-02             -1.604706691139232D-02             -2.488904911507700D-01
              8.500150366753670D-02             -1.349997488659548D-02             -2.490675941232353D-01
              7.749313406403036D-02             -1.116907306763041D-02             -2.492293334332820D-01
              6.992238694506965D-02             -9.055800686423173D-03             -2.493756991040675D-01
              6.229539752820583D-02             -7.161462353310257D-03             -2.495066821070679D-01
              5.461833332820885D-02             -5.487227324689368D-03             -2.496222743626345D-01
              4.689739061397030D-02             -4.034128846662695D-03             -2.497224687404925D-01
              3.913879084938485D-02             -2.803063575037520D-03             -2.498072590601807D-01
              3.134877712019295D-02             -1.794791072006446D-03             -2.498766400914329D-01
              2.353361054877826D-02             -1.009933379787358D-03             -2.499306075545001D-01
              1.569956669891103D-02             -4.489746714592368D-04             -2.499691581204151D-01
              7.852931972449488D-03             -1.122609791890694D-04             -2.499922894111974D-01


     Penalty weight:  w = 1.000D+00


               Iteration       1 (Steepest descent)
     Functional:                  phi(c) = 1.219492779935063D+02
                   Total curve length CL = 5.150618643134604D+00
                             Energy E(c) = 2.283976208142739D+01
         Constraint residual .5*||F||**2 = 9.911D+01
     Reciprocal of Condition No.:  RCOND = 3.760D-08

     Line search:   No. phi evals NPHVAL =  28
                             Step-size S = 2.139D-01
                       Functional phi(c) = 2.766338033188373D+01
          Relative change in phi(c) DPHI =  7.67D-01
       Squared relative change in c:  DC =  2.73D-02
         Cubed S-gradient rel. to c:  DG =  4.60D-01
 _________________________________________________________________


               Iteration     200 (Conjugate gradient)
     Functional:                  phi(c) = 8.168377820711985D-03
                   Total curve length CL = 7.371881723253118D+00
                             Energy E(c) = 2.819090303727497D-03
         Constraint residual .5*||F||**2 = 5.349D-03
     Reciprocal of Condition No.:  RCOND = 5.934D-08

     Line search:   No. phi evals NPHVAL =  29
                             Step-size S = 7.346D-01
                       Functional phi(c) = 8.144661411006853D-03
          Relative change in phi(c) DPHI =  2.35D-05
       Squared relative change in c:  DC =  3.90D-09
         Cubed S-gradient rel. to c:  DG =  4.53D-13
 _________________________________________________________________


               Iteration     400 (Conjugate gradient)
     Functional:                  phi(c) = 3.094194684933113D-03
                   Total curve length CL = 7.364096471683380D+00
                             Energy E(c) = 1.242996575866920D-03
         Constraint residual .5*||F||**2 = 1.851D-03
     Reciprocal of Condition No.:  RCOND = 5.927D-08

     Line search:   No. phi evals NPHVAL =  30
                             Step-size S = 1.460D+00
                       Functional phi(c) = 3.090630803301257D-03
          Relative change in phi(c) DPHI =  3.55D-06
       Squared relative change in c:  DC =  1.33D-08
         Cubed S-gradient rel. to c:  DG =  1.21D-13
 _________________________________________________________________


               Iteration     600 (Conjugate gradient)
     Functional:                  phi(c) = 1.992457393389477D-03
                   Total curve length CL = 7.362296955305051D+00
                             Energy E(c) = 7.913926070222087D-04
         Constraint residual .5*||F||**2 = 1.201D-03
     Reciprocal of Condition No.:  RCOND = 5.932D-08

     Line search:   No. phi evals NPHVAL =  29
                             Step-size S = 7.919D-01
                       Functional phi(c) = 1.987097864586943D-03
          Relative change in phi(c) DPHI =  5.35D-06
       Squared relative change in c:  DC =  7.50D-08
         Cubed S-gradient rel. to c:  DG =  1.48D-12
 _________________________________________________________________


               Iteration     800 (Conjugate gradient)
     Functional:                  phi(c) = 1.624170420554064D-03
                   Total curve length CL = 7.361681855910144D+00
                             Energy E(c) = 6.421539955416773D-04
         Constraint residual .5*||F||**2 = 9.820D-04
     Reciprocal of Condition No.:  RCOND = 5.932D-08

     Line search:   No. phi evals NPHVAL =  25
                             Step-size S = 3.638D-01
                       Functional phi(c) = 1.622463201843928D-03
          Relative change in phi(c) DPHI =  1.70D-06
       Squared relative change in c:  DC =  8.46D-10
         Cubed S-gradient rel. to c:  DG =  4.74D-13
 _________________________________________________________________


               Iteration    1000 (Conjugate gradient)
     Functional:                  phi(c) = 1.274760102218941D-03
                   Total curve length CL = 7.361129446931609D+00
                             Energy E(c) = 5.052249251254313D-04
         Constraint residual .5*||F||**2 = 7.695D-04
     Reciprocal of Condition No.:  RCOND = 5.933D-08

     Line search:   No. phi evals NPHVAL =  29
                             Step-size S = 4.860D-01
                       Functional phi(c) = 1.274314366717939D-03
          Relative change in phi(c) DPHI =  4.45D-07
       Squared relative change in c:  DC =  1.43D-10
         Cubed S-gradient rel. to c:  DG =  1.51D-14
 _________________________________________________________________


               Iteration    1200 (Conjugate gradient)
     Functional:                  phi(c) = 1.028932013820963D-03
                   Total curve length CL = 7.360695931284140D+00
                             Energy E(c) = 4.089725657254056D-04
         Constraint residual .5*||F||**2 = 6.200D-04
     Reciprocal of Condition No.:  RCOND = 5.935D-08

     Line search:   No. phi evals NPHVAL =  24
                             Step-size S = 5.231D-01
                       Functional phi(c) = 1.028532926349705D-03
          Relative change in phi(c) DPHI =  3.99D-07
       Squared relative change in c:  DC =  1.14D-10
         Cubed S-gradient rel. to c:  DG =  8.56D-15
 _________________________________________________________________


               Iteration    1400 (Conjugate gradient)
     Functional:                  phi(c) = 7.914129969935053D-04
                   Total curve length CL = 7.360255963578684D+00
                             Energy E(c) = 3.160096766378346D-04
         Constraint residual .5*||F||**2 = 4.754D-04
     Reciprocal of Condition No.:  RCOND = 5.937D-08

     Line search:   No. phi evals NPHVAL =  27
                             Step-size S = 5.416D-01
                       Functional phi(c) = 7.910443120083868D-04
          Relative change in phi(c) DPHI =  3.68D-07
       Squared relative change in c:  DC =  2.51D-10
         Cubed S-gradient rel. to c:  DG =  2.44D-14
 _________________________________________________________________


               Iteration    1600 (Conjugate gradient)
     Functional:                  phi(c) = 6.710661850764185D-04
                   Total curve length CL = 7.360110311325222D+00
                             Energy E(c) = 2.695755215850424D-04
         Constraint residual .5*||F||**2 = 4.015D-04
     Reciprocal of Condition No.:  RCOND = 5.938D-08

     Line search:   No. phi evals NPHVAL =  38
                             Step-size S = 6.620D-01
                       Functional phi(c) = 6.708554009295020D-04
          Relative change in phi(c) DPHI =  2.11D-07
       Squared relative change in c:  DC =  3.34D-10
         Cubed S-gradient rel. to c:  DG =  5.27D-15
 _________________________________________________________________


               Iteration    1800 (Conjugate gradient)
     Functional:                  phi(c) = 5.671400247162157D-04
                   Total curve length CL = 7.359976247567024D+00
                             Energy E(c) = 2.285498124791372D-04
         Constraint residual .5*||F||**2 = 3.386D-04
     Reciprocal of Condition No.:  RCOND = 5.939D-08

     Line search:   No. phi evals NPHVAL =  28
                             Step-size S = 3.604D-01
                       Functional phi(c) = 5.669228592045460D-04
          Relative change in phi(c) DPHI =  2.17D-07
       Squared relative change in c:  DC =  5.57D-11
         Cubed S-gradient rel. to c:  DG =  8.14D-15
 _________________________________________________________________


               Iteration    2000 (Conjugate gradient)
     Functional:                  phi(c) = 4.790369661379360D-04
                   Total curve length CL = 7.359825977184915D+00
                             Energy E(c) = 1.936239409516944D-04
         Constraint residual .5*||F||**2 = 2.854D-04
     Reciprocal of Condition No.:  RCOND = 5.940D-08

     Line search:   No. phi evals NPHVAL =  38
                             Step-size S = 5.484D-01
                       Functional phi(c) = 4.787966632392426D-04
          Relative change in phi(c) DPHI =  2.40D-07
       Squared relative change in c:  DC =  1.43D-10
         Cubed S-gradient rel. to c:  DG =  4.30D-15
 _________________________________________________________________


               Iteration    2200 (Conjugate gradient)
     Functional:                  phi(c) = 4.115604907062419D-04
                   Total curve length CL = 7.359754622305320D+00
                             Energy E(c) = 1.669460179985830D-04
         Constraint residual .5*||F||**2 = 2.446D-04
     Reciprocal of Condition No.:  RCOND = 5.942D-08

     Line search:   No. phi evals NPHVAL =  31
                             Step-size S = 1.158D+00
                       Functional phi(c) = 4.108714075445215D-04
          Relative change in phi(c) DPHI =  6.89D-07
       Squared relative change in c:  DC =  8.86D-09
         Cubed S-gradient rel. to c:  DG =  2.11D-14
 _________________________________________________________________


               Iteration    2400 (Conjugate gradient)
     Functional:                  phi(c) = 3.631492645695410D-04
                   Total curve length CL = 7.359710168146102D+00
                             Energy E(c) = 1.478287132794339D-04
         Constraint residual .5*||F||**2 = 2.153D-04
     Reciprocal of Condition No.:  RCOND = 5.943D-08

     Line search:   No. phi evals NPHVAL =  34
                             Step-size S = 8.276D-01
                       Functional phi(c) = 3.630969923476506D-04
          Relative change in phi(c) DPHI =  5.23D-08
       Squared relative change in c:  DC =  5.91D-11
         Cubed S-gradient rel. to c:  DG =  3.82D-16
 _________________________________________________________________


               Iteration    2600 (Conjugate gradient)
     Functional:                  phi(c) = 3.164596852972793D-04
                   Total curve length CL = 7.359655030069693D+00
                             Energy E(c) = 1.287824962122975D-04
         Constraint residual .5*||F||**2 = 1.877D-04
     Reciprocal of Condition No.:  RCOND = 5.944D-08

     Line search:   No. phi evals NPHVAL =  33
                             Step-size S = 7.013D-01
                       Functional phi(c) = 3.164259429071762D-04
          Relative change in phi(c) DPHI =  3.37D-08
       Squared relative change in c:  DC =  2.51D-11
         Cubed S-gradient rel. to c:  DG =  2.33D-16
 _________________________________________________________________


               Iteration    2800 (Conjugate gradient)
     Functional:                  phi(c) = 2.926704402898749D-04
                   Total curve length CL = 7.359621898997751D+00
                             Energy E(c) = 1.192844565821238D-04
         Constraint residual .5*||F||**2 = 1.734D-04
     Reciprocal of Condition No.:  RCOND = 5.944D-08

     Line search:   No. phi evals NPHVAL =  29
                             Step-size S = 6.315D-01
                       Functional phi(c) = 2.926353388808913D-04
          Relative change in phi(c) DPHI =  3.51D-08
       Squared relative change in c:  DC =  3.70D-11
         Cubed S-gradient rel. to c:  DG =  4.09D-16
 _________________________________________________________________


               Iteration    3000 (Conjugate gradient)
     Functional:                  phi(c) = 2.611241109190860D-04
                   Total curve length CL = 7.359586010448131D+00
                             Energy E(c) = 1.062805038525464D-04
         Constraint residual .5*||F||**2 = 1.548D-04
     Reciprocal of Condition No.:  RCOND = 5.945D-08

     Line search:   No. phi evals NPHVAL =  25
                             Step-size S = 3.763D-01
                       Functional phi(c) = 2.610636209167624D-04
          Relative change in phi(c) DPHI =  6.05D-08
       Squared relative change in c:  DC =  3.82D-10
         Cubed S-gradient rel. to c:  DG =  3.59D-15
 _________________________________________________________________


               Iteration    3200 (Conjugate gradient)
     Functional:                  phi(c) = 2.436715713943882D-04
                   Total curve length CL = 7.359558543092311D+00
                             Energy E(c) = 9.922595403853219D-05
         Constraint residual .5*||F||**2 = 1.444D-04
     Reciprocal of Condition No.:  RCOND = 5.945D-08

     Line search:   No. phi evals NPHVAL =  28
                             Step-size S = 6.182D-01
                       Functional phi(c) = 2.435732764536597D-04
          Relative change in phi(c) DPHI =  9.83D-08
       Squared relative change in c:  DC =  7.23D-11
         Cubed S-gradient rel. to c:  DG =  1.56D-15
 _________________________________________________________________


               Iteration    3400 (Conjugate gradient)
     Functional:                  phi(c) = 2.287695642055828D-04
                   Total curve length CL = 7.359572823512174D+00
                             Energy E(c) = 9.360887796464504D-05
         Constraint residual .5*||F||**2 = 1.352D-04
     Reciprocal of Condition No.:  RCOND = 5.946D-08

     Line search:   No. phi evals NPHVAL =  30
                             Step-size S = 4.884D-01
                       Functional phi(c) = 2.287482545416228D-04
          Relative change in phi(c) DPHI =  2.13D-08
       Squared relative change in c:  DC =  9.48D-12
         Cubed S-gradient rel. to c:  DG =  3.20D-16
 _________________________________________________________________


               Iteration    3600 (Conjugate gradient)
     Functional:                  phi(c) = 2.116552762434570D-04
                   Total curve length CL = 7.359562340666305D+00
                             Energy E(c) = 8.671132659685600D-05
         Constraint residual .5*||F||**2 = 1.249D-04
     Reciprocal of Condition No.:  RCOND = 5.946D-08

     Line search:   No. phi evals NPHVAL =  43
                             Step-size S = 1.425D+00
                       Functional phi(c) = 2.116177979152332D-04
          Relative change in phi(c) DPHI =  3.75D-08
       Squared relative change in c:  DC =  6.58D-11
         Cubed S-gradient rel. to c:  DG =  1.90D-16
 _________________________________________________________________


               Iteration    3800 (Conjugate gradient)
     Functional:                  phi(c) = 2.016437266549526D-04
                   Total curve length CL = 7.359535073291505D+00
                             Energy E(c) = 8.295678681479493D-05
         Constraint residual .5*||F||**2 = 1.187D-04
     Reciprocal of Condition No.:  RCOND = 5.947D-08

     Line search:   No. phi evals NPHVAL =  30
                             Step-size S = 1.071D+00
                       Functional phi(c) = 2.015098007382510D-04
          Relative change in phi(c) DPHI =  1.34D-07
       Squared relative change in c:  DC =  1.34D-09
         Cubed S-gradient rel. to c:  DG =  2.20D-15
 _________________________________________________________________


               Iteration    4000 (Conjugate gradient)
     Functional:                  phi(c) = 1.927364996259465D-04
                   Total curve length CL = 7.359536825938140D+00
                             Energy E(c) = 7.934780944358990D-05
         Constraint residual .5*||F||**2 = 1.134D-04
     Reciprocal of Condition No.:  RCOND = 5.947D-08

     Line search:   No. phi evals NPHVAL =  31
                             Step-size S = 1.060D+00
                       Functional phi(c) = 1.926458130486721D-04
          Relative change in phi(c) DPHI =  9.07D-08
       Squared relative change in c:  DC =  7.05D-10
         Cubed S-gradient rel. to c:  DG =  1.24D-15
 _________________________________________________________________


               Iteration    4200 (Conjugate gradient)
     Functional:                  phi(c) = 1.821721532137757D-04
                   Total curve length CL = 7.359524089451110D+00
                             Energy E(c) = 7.530307005637827D-05
         Constraint residual .5*||F||**2 = 1.069D-04
     Reciprocal of Condition No.:  RCOND = 5.948D-08

     Line search:   No. phi evals NPHVAL =  29
                             Step-size S = 1.748D-01
                       Functional phi(c) = 1.821635949206414D-04
          Relative change in phi(c) DPHI =  8.56D-09
       Squared relative change in c:  DC =  1.66D-11
         Cubed S-gradient rel. to c:  DG =  4.83D-16
 _________________________________________________________________


               Iteration    4400 (Conjugate gradient)
     Functional:                  phi(c) = 1.762853710519498D-04
                   Total curve length CL = 7.359506396568626D+00
                             Energy E(c) = 7.298236589140722D-05
         Constraint residual .5*||F||**2 = 1.033D-04
     Reciprocal of Condition No.:  RCOND = 5.948D-08

     Line search:   No. phi evals NPHVAL =  30
                             Step-size S = 6.798D-01
                       Functional phi(c) = 1.762329703336773D-04
          Relative change in phi(c) DPHI =  5.24D-08
       Squared relative change in c:  DC =  1.42D-10
         Cubed S-gradient rel. to c:  DG =  8.76D-16
 _________________________________________________________________


               Iteration    4600 (Conjugate gradient)
     Functional:                  phi(c) = 1.663118711028290D-04
                   Total curve length CL = 7.359506589430805D+00
                             Energy E(c) = 6.923120427286920D-05
         Constraint residual .5*||F||**2 = 9.708D-05
     Reciprocal of Condition No.:  RCOND = 5.949D-08

     Line search:   No. phi evals NPHVAL =  40
                             Step-size S = 2.209D+00
                       Functional phi(c) = 1.659751434140879D-04
          Relative change in phi(c) DPHI =  3.37D-07
       Squared relative change in c:  DC =  1.09D-08
         Cubed S-gradient rel. to c:  DG =  2.80D-15
 _________________________________________________________________


               Iteration    4800 (Conjugate gradient)
     Functional:                  phi(c) = 1.612171924657766D-04
                   Total curve length CL = 7.359500866544114D+00
                             Energy E(c) = 6.729074285312323D-05
         Constraint residual .5*||F||**2 = 9.393D-05
     Reciprocal of Condition No.:  RCOND = 5.949D-08

     Line search:   No. phi evals NPHVAL =  32
                             Step-size S = 4.348D-01
                       Functional phi(c) = 1.612075874886267D-04
          Relative change in phi(c) DPHI =  9.60D-09
       Squared relative change in c:  DC =  5.13D-12
         Cubed S-gradient rel. to c:  DG =  1.63D-16
 _________________________________________________________________


               Iteration    5000 (Conjugate gradient)
     Functional:                  phi(c) = 1.565615466592114D-04
                   Total curve length CL = 7.359496605166711D+00
                             Energy E(c) = 6.567784801850661D-05
         Constraint residual .5*||F||**2 = 9.088D-05
     Reciprocal of Condition No.:  RCOND = 5.949D-08

     Line search:   No. phi evals NPHVAL =  36
                             Step-size S = 9.967D-01
                       Functional phi(c) = 1.565523011973092D-04
          Relative change in phi(c) DPHI =  9.24D-09
       Squared relative change in c:  DC =  6.29D-12
         Cubed S-gradient rel. to c:  DG =  1.33D-17
 _________________________________________________________________


               Iteration    5200 (Conjugate gradient)
     Functional:                  phi(c) = 1.460046205123825D-04
                   Total curve length CL = 7.359484330740224D+00
                             Energy E(c) = 6.171652657346795D-05
         Constraint residual .5*||F||**2 = 8.429D-05
     Reciprocal of Condition No.:  RCOND = 5.950D-08

     Line search:   No. phi evals NPHVAL =  38
                             Step-size S = 2.500D+00
                       Functional phi(c) = 1.459908907921229D-04
          Relative change in phi(c) DPHI =  1.37D-08
       Squared relative change in c:  DC =  2.09D-11
         Cubed S-gradient rel. to c:  DG =  3.29D-18
 _________________________________________________________________


               Iteration    5400 (Conjugate gradient)
     Functional:                  phi(c) = 1.400973989105373D-04
                   Total curve length CL = 7.359476369481855D+00
                             Energy E(c) = 5.958772143690397D-05
         Constraint residual .5*||F||**2 = 8.051D-05
     Reciprocal of Condition No.:  RCOND = 5.950D-08

     Line search:   No. phi evals NPHVAL =  35
                             Step-size S = 1.061D+00
                       Functional phi(c) = 1.400904122687647D-04
          Relative change in phi(c) DPHI =  6.99D-09
       Squared relative change in c:  DC =  6.93D-12
         Cubed S-gradient rel. to c:  DG =  1.17D-17
 _________________________________________________________________


               Iteration    5600 (Conjugate gradient)
     Functional:                  phi(c) = 1.350534008312645D-04
                   Total curve length CL = 7.359477905805693D+00
                             Energy E(c) = 5.772947149629485D-05
         Constraint residual .5*||F||**2 = 7.732D-05
     Reciprocal of Condition No.:  RCOND = 5.950D-08

     Line search:   No. phi evals NPHVAL =  35
                             Step-size S = 6.841D-01
                       Functional phi(c) = 1.350491406583504D-04
          Relative change in phi(c) DPHI =  4.26D-09
       Squared relative change in c:  DC =  1.99D-12
         Cubed S-gradient rel. to c:  DG =  1.39D-17
 _________________________________________________________________


               Iteration    5800 (Conjugate gradient)
     Functional:                  phi(c) = 1.320110069209806D-04
                   Total curve length CL = 7.359463367396631D+00
                             Energy E(c) = 5.662504891073104D-05
         Constraint residual .5*||F||**2 = 7.539D-05
     Reciprocal of Condition No.:  RCOND = 5.950D-08

     Line search:   No. phi evals NPHVAL =  31
                             Step-size S = 8.304D-01
                       Functional phi(c) = 1.319618309899173D-04
          Relative change in phi(c) DPHI =  4.92D-08
       Squared relative change in c:  DC =  7.43D-10
         Cubed S-gradient rel. to c:  DG =  4.77D-16
 _________________________________________________________________


               Iteration    6000 (Conjugate gradient)
     Functional:                  phi(c) = 1.256644978592610D-04
                   Total curve length CL = 7.359464266732383D+00
                             Energy E(c) = 5.437702138062231D-05
         Constraint residual .5*||F||**2 = 7.129D-05
     Reciprocal of Condition No.:  RCOND = 5.951D-08

     Line search:   No. phi evals NPHVAL =  33
                             Step-size S = 4.753D+00
                       Functional phi(c) = 1.254609765373965D-04
          Relative change in phi(c) DPHI =  2.03D-07
       Squared relative change in c:  DC =  8.70D-09
         Cubed S-gradient rel. to c:  DG =  2.07D-16
 _________________________________________________________________


               Iteration    6200 (Conjugate gradient)
     Functional:                  phi(c) = 1.226224186453949D-04
                   Total curve length CL = 7.359456955197270D+00
                             Energy E(c) = 5.324149495605672D-05
         Constraint residual .5*||F||**2 = 6.938D-05
     Reciprocal of Condition No.:  RCOND = 5.951D-08

     Line search:   No. phi evals NPHVAL =  39
                             Step-size S = 1.307D+00
                       Functional phi(c) = 1.226179524452909D-04
          Relative change in phi(c) DPHI =  4.47D-09
       Squared relative change in c:  DC =  2.78D-12
         Cubed S-gradient rel. to c:  DG =  1.61D-18
 _________________________________________________________________


               Iteration    6400 (Conjugate gradient)
     Functional:                  phi(c) = 1.172698301865614D-04
                   Total curve length CL = 7.359464698584225D+00
                             Energy E(c) = 5.135330736049547D-05
         Constraint residual .5*||F||**2 = 6.592D-05
     Reciprocal of Condition No.:  RCOND = 5.951D-08

     Line search:   No. phi evals NPHVAL =  31
                             Step-size S = 4.905D-01
                       Functional phi(c) = 1.172492784767969D-04
          Relative change in phi(c) DPHI =  2.05D-08
       Squared relative change in c:  DC =  1.64D-11
         Cubed S-gradient rel. to c:  DG =  3.06D-16
 _________________________________________________________________


               Iteration    6600 (Conjugate gradient)
     Functional:                  phi(c) = 1.139893318548304D-04
                   Total curve length CL = 7.359455425831573D+00
                             Energy E(c) = 5.007570449604492D-05
         Constraint residual .5*||F||**2 = 6.391D-05
     Reciprocal of Condition No.:  RCOND = 5.952D-08

     Line search:   No. phi evals NPHVAL =  29
                             Step-size S = 3.081D-01
                       Functional phi(c) = 1.139852878147006D-04
          Relative change in phi(c) DPHI =  4.04D-09
       Squared relative change in c:  DC =  1.71D-12
         Cubed S-gradient rel. to c:  DG =  7.00D-17
 _________________________________________________________________


               Iteration    6800 (Conjugate gradient)
     Functional:                  phi(c) = 1.116188068976069D-04
                   Total curve length CL = 7.359448925588174D+00
                             Energy E(c) = 4.912877353291176D-05
         Constraint residual .5*||F||**2 = 6.249D-05
     Reciprocal of Condition No.:  RCOND = 5.952D-08

     Line search:   No. phi evals NPHVAL =  38
                             Step-size S = 9.081D-01
                       Functional phi(c) = 1.116097146648039D-04
          Relative change in phi(c) DPHI =  9.09D-09
       Squared relative change in c:  DC =  4.78D-12
         Cubed S-gradient rel. to c:  DG =  1.03D-17
 _________________________________________________________________


               Iteration    7000 (Conjugate gradient)
     Functional:                  phi(c) = 1.088528476425756D-04
                   Total curve length CL = 7.359438626257624D+00
                             Energy E(c) = 4.803546225464768D-05
         Constraint residual .5*||F||**2 = 6.082D-05
     Reciprocal of Condition No.:  RCOND = 5.952D-08

     Line search:   No. phi evals NPHVAL =  33
                             Step-size S = 4.495D-01
                       Functional phi(c) = 1.088497299378426D-04
          Relative change in phi(c) DPHI =  3.12D-09
